2025-09-15 14:15:38,088 INFO o.a.j.u.JMeterUtils: Setting Locale to en_EN
2025-09-15 14:15:38,104 INFO o.a.j.JMeter: Loading user properties from: C:\apache-jmeter-5.6.3\bin\user.properties
2025-09-15 14:15:38,104 INFO o.a.j.JMeter: Loading system properties from: C:\apache-jmeter-5.6.3\bin\system.properties
2025-09-15 14:15:38,109 INFO o.a.j.JMeter: Copyright (c) 1998-2024 The Apache Software Foundation
2025-09-15 14:15:38,110 INFO o.a.j.JMeter: Version 5.6.3
2025-09-15 14:15:38,110 INFO o.a.j.JMeter: java.version=23.0.2
2025-09-15 14:15:38,110 INFO o.a.j.JMeter: java.vm.name=OpenJDK 64-Bit Server VM
2025-09-15 14:15:38,110 INFO o.a.j.JMeter: os.name=Windows 11
2025-09-15 14:15:38,110 INFO o.a.j.JMeter: os.arch=amd64
2025-09-15 14:15:38,115 INFO o.a.j.JMeter: os.version=10.0
2025-09-15 14:15:38,116 INFO o.a.j.JMeter: file.encoding=UTF-8
2025-09-15 14:15:38,116 INFO o.a.j.JMeter: java.awt.headless=true
2025-09-15 14:15:38,116 INFO o.a.j.JMeter: Max memory     =1073741824
2025-09-15 14:15:38,116 INFO o.a.j.JMeter: Available Processors =12
2025-09-15 14:15:38,124 INFO o.a.j.JMeter: Default Locale=English (EN)
2025-09-15 14:15:38,125 INFO o.a.j.JMeter: JMeter  Locale=English (EN)
2025-09-15 14:15:38,125 INFO o.a.j.JMeter: JMeterHome=C:\apache-jmeter-5.6.3
2025-09-15 14:15:38,125 INFO o.a.j.JMeter: user.dir  =C:\Test\testCarga
2025-09-15 14:15:38,125 INFO o.a.j.JMeter: PWD       =C:\Test\testCarga
2025-09-15 14:15:38,126 INFO o.a.j.JMeter: IP: 192.168.100.164 Name: hvargas FullName: hvargas
2025-09-15 14:15:38,132 INFO o.a.j.s.FileServer: Default base='C:\Test\testCarga'
2025-09-15 14:15:38,133 INFO o.a.j.s.FileServer: Set new base='C:\Test\testCarga'
2025-09-15 14:15:38,500 INFO o.a.j.s.SaveService: Testplan (JMX) version: 2.2. Testlog (JTL) version: 2.2
2025-09-15 14:15:38,550 INFO o.a.j.s.SaveService: Using SaveService properties version 5.0
2025-09-15 14:15:38,553 INFO o.a.j.s.SaveService: Using SaveService properties file encoding UTF-8
2025-09-15 14:15:38,555 INFO o.a.j.s.SaveService: Loading file: Test_Plan_login.jmx
2025-09-15 14:15:38,604 INFO o.a.j.p.h.s.HTTPSamplerBase: Parser for text/html is org.apache.jmeter.protocol.http.parser.LagartoBasedHtmlParser
2025-09-15 14:15:38,604 INFO o.a.j.p.h.s.HTTPSamplerBase: Parser for application/xhtml+xml is org.apache.jmeter.protocol.http.parser.LagartoBasedHtmlParser
2025-09-15 14:15:38,604 INFO o.a.j.p.h.s.HTTPSamplerBase: Parser for application/xml is org.apache.jmeter.protocol.http.parser.LagartoBasedHtmlParser
2025-09-15 14:15:38,605 INFO o.a.j.p.h.s.HTTPSamplerBase: Parser for text/xml is org.apache.jmeter.protocol.http.parser.LagartoBasedHtmlParser
2025-09-15 14:15:38,605 INFO o.a.j.p.h.s.HTTPSamplerBase: Parser for text/vnd.wap.wml is org.apache.jmeter.protocol.http.parser.RegexpHTMLParser
2025-09-15 14:15:38,605 INFO o.a.j.p.h.s.HTTPSamplerBase: Parser for text/css is org.apache.jmeter.protocol.http.parser.CssParser
2025-09-15 14:15:38,640 INFO o.a.j.JMeter: Creating summariser <summary>
2025-09-15 14:15:38,664 INFO o.a.j.e.StandardJMeterEngine: Running the test!
2025-09-15 14:15:38,665 INFO o.a.j.s.SampleEvent: List of sample_variables: []
2025-09-15 14:15:38,667 INFO o.a.j.s.SampleEvent: List of sample_variables: []
2025-09-15 14:15:38,683 INFO o.a.j.e.u.CompoundVariable: Note: Function class names must contain the string: '.functions.'
2025-09-15 14:15:38,683 INFO o.a.j.e.u.CompoundVariable: Note: Function class names must not contain the string: '.gui.'
2025-09-15 14:15:38,770 INFO o.a.j.JMeter: Running test (1757963738770)
2025-09-15 14:15:38,795 INFO o.a.j.e.StandardJMeterEngine: Starting ThreadGroup: 1 : Thread Group
2025-09-15 14:15:38,795 INFO o.a.j.e.StandardJMeterEngine: Starting 50 threads for group Thread Group.
2025-09-15 14:15:38,795 INFO o.a.j.e.StandardJMeterEngine: Thread will continue on error
2025-09-15 14:15:38,795 INFO o.a.j.t.ThreadGroup: Starting thread group... number=1 threads=50 ramp-up=10 delayedStart=false
2025-09-15 14:15:38,824 INFO o.a.j.t.ThreadGroup: Started thread group number 1
2025-09-15 14:15:38,825 INFO o.a.j.e.StandardJMeterEngine: All thread groups have been started
2025-09-15 14:15:38,948 INFO o.a.j.t.JMeterThread: Thread started: Thread Group 1-1
2025-09-15 14:15:38,952 INFO o.a.j.s.FileServer: Stored: C:/Test/testJmeter/usuarios.csv
2025-09-15 14:15:39,026 INFO o.a.j.p.h.s.HTTPHCAbstractImpl: Local host = hvargas
2025-09-15 14:15:39,041 INFO o.a.j.p.h.s.HTTPHC4Impl: HTTP request retry count = 0
2025-09-15 14:15:39,044 INFO o.a.j.s.SampleResult: Note: Sample TimeStamps are START times
2025-09-15 14:15:39,044 INFO o.a.j.s.SampleResult: sampleresult.default.encoding is set to UTF-8
2025-09-15 14:15:39,044 INFO o.a.j.s.SampleResult: sampleresult.useNanoTime=true
2025-09-15 14:15:39,044 INFO o.a.j.s.SampleResult: sampleresult.nanoThreadSleep=5000
2025-09-15 14:15:39,147 INFO o.a.j.t.JMeterThread: Thread started: Thread Group 1-2
2025-09-15 14:15:39,250 INFO o.a.j.p.h.s.h.LazyLayeredConnectionSocketFactory: Setting up HTTPS TrustAll Socket Factory
2025-09-15 14:15:39,263 INFO o.a.j.u.JsseSSLManager: Using default SSL protocol: TLS
2025-09-15 14:15:39,264 INFO o.a.j.u.JsseSSLManager: SSL session context: per-thread
2025-09-15 14:15:39,347 INFO o.a.j.t.JMeterThread: Thread started: Thread Group 1-3
2025-09-15 14:15:39,529 INFO o.a.j.u.SSLManager: JmeterKeyStore Location:  type JKS
2025-09-15 14:15:39,532 INFO o.a.j.u.SSLManager: KeyStore created OK
2025-09-15 14:15:39,533 WARN o.a.j.u.SSLManager: Keystore file not found, loading empty keystore
2025-09-15 14:15:39,545 INFO o.a.j.t.JMeterThread: Thread started: Thread Group 1-4
2025-09-15 14:15:39,746 INFO o.a.j.t.JMeterThread: Thread started: Thread Group 1-5
2025-09-15 14:15:39,946 INFO o.a.j.t.JMeterThread: Thread started: Thread Group 1-6
2025-09-15 14:15:40,140 INFO o.a.j.t.JMeterThread: Thread started: Thread Group 1-7
2025-09-15 14:15:40,340 INFO o.a.j.t.JMeterThread: Thread started: Thread Group 1-8
2025-09-15 14:15:40,540 INFO o.a.j.t.JMeterThread: Thread started: Thread Group 1-9
2025-09-15 14:15:40,738 INFO o.a.j.t.JMeterThread: Thread started: Thread Group 1-10
2025-09-15 14:15:40,940 INFO o.a.j.t.JMeterThread: Thread started: Thread Group 1-11
2025-09-15 14:15:41,137 INFO o.a.j.t.JMeterThread: Thread started: Thread Group 1-12
2025-09-15 14:15:41,337 INFO o.a.j.t.JMeterThread: Thread started: Thread Group 1-13
2025-09-15 14:15:41,537 INFO o.a.j.t.JMeterThread: Thread started: Thread Group 1-14
2025-09-15 14:15:41,736 INFO o.a.j.t.JMeterThread: Thread started: Thread Group 1-15
2025-09-15 14:15:41,935 INFO o.a.j.t.JMeterThread: Thread started: Thread Group 1-16
2025-09-15 14:15:42,135 INFO o.a.j.t.JMeterThread: Thread started: Thread Group 1-17
2025-09-15 14:15:42,336 INFO o.a.j.t.JMeterThread: Thread started: Thread Group 1-18
2025-09-15 14:15:42,534 INFO o.a.j.t.JMeterThread: Thread started: Thread Group 1-19
2025-09-15 14:15:42,733 INFO o.a.j.t.JMeterThread: Thread started: Thread Group 1-20
2025-09-15 14:15:42,931 INFO o.a.j.t.JMeterThread: Thread started: Thread Group 1-21
2025-09-15 14:15:43,132 INFO o.a.j.t.JMeterThread: Thread started: Thread Group 1-22
2025-09-15 14:15:43,331 INFO o.a.j.t.JMeterThread: Thread started: Thread Group 1-23
2025-09-15 14:15:43,531 INFO o.a.j.t.JMeterThread: Thread started: Thread Group 1-24
2025-09-15 14:15:43,731 INFO o.a.j.t.JMeterThread: Thread started: Thread Group 1-25
2025-09-15 14:15:43,930 INFO o.a.j.t.JMeterThread: Thread started: Thread Group 1-26
2025-09-15 14:15:44,130 INFO o.a.j.t.JMeterThread: Thread started: Thread Group 1-27
2025-09-15 14:15:44,327 INFO o.a.j.t.JMeterThread: Thread started: Thread Group 1-28
2025-09-15 14:15:44,529 INFO o.a.j.t.JMeterThread: Thread started: Thread Group 1-29
2025-09-15 14:15:44,729 INFO o.a.j.t.JMeterThread: Thread started: Thread Group 1-30
2025-09-15 14:15:44,926 INFO o.a.j.t.JMeterThread: Thread started: Thread Group 1-31
2025-09-15 14:15:45,127 INFO o.a.j.t.JMeterThread: Thread started: Thread Group 1-32
2025-09-15 14:15:45,325 INFO o.a.j.t.JMeterThread: Thread started: Thread Group 1-33
2025-09-15 14:15:45,526 INFO o.a.j.t.JMeterThread: Thread started: Thread Group 1-34
2025-09-15 14:15:45,725 INFO o.a.j.t.JMeterThread: Thread started: Thread Group 1-35
2025-09-15 14:15:45,923 INFO o.a.j.t.JMeterThread: Thread started: Thread Group 1-36
2025-09-15 14:15:46,123 INFO o.a.j.t.JMeterThread: Thread started: Thread Group 1-37
2025-09-15 14:15:46,324 INFO o.a.j.t.JMeterThread: Thread started: Thread Group 1-38
2025-09-15 14:15:46,523 INFO o.a.j.t.JMeterThread: Thread started: Thread Group 1-39
2025-09-15 14:15:46,723 INFO o.a.j.t.JMeterThread: Thread started: Thread Group 1-40
2025-09-15 14:15:46,922 INFO o.a.j.t.JMeterThread: Thread started: Thread Group 1-41
2025-09-15 14:15:47,123 INFO o.a.j.t.JMeterThread: Thread started: Thread Group 1-42
2025-09-15 14:15:47,322 INFO o.a.j.t.JMeterThread: Thread started: Thread Group 1-43
2025-09-15 14:15:47,521 INFO o.a.j.t.JMeterThread: Thread started: Thread Group 1-44
2025-09-15 14:15:47,721 INFO o.a.j.t.JMeterThread: Thread started: Thread Group 1-45
2025-09-15 14:15:47,921 INFO o.a.j.t.JMeterThread: Thread started: Thread Group 1-46
2025-09-15 14:15:48,119 INFO o.a.j.t.JMeterThread: Thread started: Thread Group 1-47
2025-09-15 14:15:48,320 INFO o.a.j.t.JMeterThread: Thread started: Thread Group 1-48
2025-09-15 14:15:48,520 INFO o.a.j.t.JMeterThread: Thread started: Thread Group 1-49
2025-09-15 14:15:48,718 INFO o.a.j.t.JMeterThread: Thread started: Thread Group 1-50
2025-09-15 14:16:00,057 INFO o.a.j.r.Summariser: summary +    426 in 00:00:21 =   20.0/s Avg:   340 Min:   300 Max:  1214 Err:     0 (0.00%) Active: 50 Started: 50 Finished: 0
2025-09-15 14:16:30,042 INFO o.a.j.r.Summariser: summary +    600 in 00:00:30 =   20.0/s Avg:   313 Min:   298 Max:   352 Err:     0 (0.00%) Active: 50 Started: 50 Finished: 0
2025-09-15 14:16:30,043 INFO o.a.j.r.Summariser: summary =   1026 in 00:00:51 =   20.0/s Avg:   324 Min:   298 Max:  1214 Err:     0 (0.00%)
2025-09-15 14:17:00,056 INFO o.a.j.r.Summariser: summary +    600 in 00:00:30 =   20.0/s Avg:   326 Min:   298 Max:   571 Err:     0 (0.00%) Active: 50 Started: 50 Finished: 0
2025-09-15 14:17:00,057 INFO o.a.j.r.Summariser: summary =   1626 in 00:01:21 =   20.0/s Avg:   325 Min:   298 Max:  1214 Err:     0 (0.00%)
2025-09-15 14:17:30,040 INFO o.a.j.r.Summariser: summary +    600 in 00:00:30 =   20.0/s Avg:   312 Min:   298 Max:   384 Err:     0 (0.00%) Active: 50 Started: 50 Finished: 0
2025-09-15 14:17:30,041 INFO o.a.j.r.Summariser: summary =   2226 in 00:01:51 =   20.0/s Avg:   321 Min:   298 Max:  1214 Err:     0 (0.00%)
2025-09-15 14:18:00,069 INFO o.a.j.r.Summariser: summary +    600 in 00:00:30 =   20.0/s Avg:   325 Min:   299 Max:   493 Err:     0 (0.00%) Active: 50 Started: 50 Finished: 0
2025-09-15 14:18:00,070 INFO o.a.j.r.Summariser: summary =   2826 in 00:02:21 =   20.0/s Avg:   322 Min:   298 Max:  1214 Err:     0 (0.00%)
2025-09-15 14:18:30,059 INFO o.a.j.r.Summariser: summary +    600 in 00:00:30 =   20.0/s Avg:   453 Min:   299 Max:  2752 Err:     0 (0.00%) Active: 50 Started: 50 Finished: 0
2025-09-15 14:18:30,060 INFO o.a.j.r.Summariser: summary =   3426 in 00:02:51 =   20.0/s Avg:   345 Min:   298 Max:  2752 Err:     0 (0.00%)
2025-09-15 14:19:00,058 INFO o.a.j.r.Summariser: summary +    600 in 00:00:30 =   20.0/s Avg:   325 Min:   298 Max:   506 Err:     0 (0.00%) Active: 50 Started: 50 Finished: 0
2025-09-15 14:19:00,059 INFO o.a.j.r.Summariser: summary =   4026 in 00:03:21 =   20.0/s Avg:   342 Min:   298 Max:  2752 Err:     0 (0.00%)
2025-09-15 14:19:30,051 INFO o.a.j.r.Summariser: summary +    600 in 00:00:30 =   20.0/s Avg:   437 Min:   300 Max:  2612 Err:     0 (0.00%) Active: 50 Started: 50 Finished: 0
2025-09-15 14:19:30,052 INFO o.a.j.r.Summariser: summary =   4626 in 00:03:51 =   20.0/s Avg:   354 Min:   298 Max:  2752 Err:     0 (0.00%)
2025-09-15 14:20:00,058 INFO o.a.j.r.Summariser: summary +    600 in 00:00:30 =   20.0/s Avg:   327 Min:   298 Max:   729 Err:     0 (0.00%) Active: 50 Started: 50 Finished: 0
2025-09-15 14:20:00,060 INFO o.a.j.r.Summariser: summary =   5226 in 00:04:21 =   20.0/s Avg:   351 Min:   298 Max:  2752 Err:     0 (0.00%)
2025-09-15 14:20:30,040 INFO o.a.j.r.Summariser: summary +    600 in 00:00:30 =   20.0/s Avg:   314 Min:   299 Max:   471 Err:     0 (0.00%) Active: 50 Started: 50 Finished: 0
2025-09-15 14:20:30,042 INFO o.a.j.r.Summariser: summary =   5826 in 00:04:51 =   20.0/s Avg:   347 Min:   298 Max:  2752 Err:     0 (0.00%)
2025-09-15 14:21:00,053 INFO o.a.j.r.Summariser: summary +    600 in 00:00:30 =   20.0/s Avg:   326 Min:   298 Max:   511 Err:     0 (0.00%) Active: 50 Started: 50 Finished: 0
2025-09-15 14:21:00,054 INFO o.a.j.r.Summariser: summary =   6426 in 00:05:21 =   20.0/s Avg:   345 Min:   298 Max:  2752 Err:     0 (0.00%)
2025-09-15 14:21:30,053 INFO o.a.j.r.Summariser: summary +    600 in 00:00:30 =   20.0/s Avg:   313 Min:   299 Max:   354 Err:     0 (0.00%) Active: 50 Started: 50 Finished: 0
2025-09-15 14:21:30,055 INFO o.a.j.r.Summariser: summary =   7026 in 00:05:51 =   20.0/s Avg:   343 Min:   298 Max:  2752 Err:     0 (0.00%)
2025-09-15 14:21:30,359 INFO o.a.j.r.ResultCollector: Shutdown hook started
2025-09-15 14:21:30,360 INFO o.a.j.r.ResultCollector: Shutdown hook ended
